a01-003u-09
a01-014u-05
a01-020u-06
a01-020u-07
a01-026u-07
a01-043u-01
a01-049u-06
a01-049x-02
a01-049x-05
a01-053-03
a01-053-04
a01-053-05
a01-053-06
a01-058u-05
a01-058u-08
a01-063u-04
a01-063u-09
a01-068u-09
a01-077-02
a01-077-07
a01-082u-07
a01-082u-09
a01-087-00
a01-087-06
a01-091-08
a01-091u-06
a01-096u-07
a01-096u-09
a01-096u-10
a01-102-10
a01-113u-05
a01-117-01
a01-117-02
a01-117-08
a01-117u-06
a01-117u-09
a01-122u-01
a01-128u-01
a01-128u-08
a01-132x-04
a01-132x-07
a02-024-06
a02-027-04
a02-027-09
a02-032-01
a02-032-05
a02-037-08
a02-042-03
a02-042-06
a02-090-05
a02-098-07
a02-106-02
a02-106-07
a02-111-05
a02-124-04
a03-047-01
a03-050-01
a03-071-06
a03-073-00
a03-073-03
a03-073-10
a04-000-04
a04-000-05
a04-003-07
a04-010-04
a04-015-01
a04-015-06
a04-023-04
a04-039-01
a04-039-02
a04-039-06
a04-043-02
a04-050-00
a04-050-04
a04-050-05
a04-054-06
a04-066-06
a04-066-08
a04-072-02
a04-081-01
a04-085-00
a04-085-09
a04-092-07
a04-096-08
a04-096-09
a04-099-00
a04-103-00
a05-000-06
a05-000-07
a05-017-02
a05-022-00
a05-025-05
a05-029-06
a05-039-01
a05-044-01
a05-044-04
a05-048-09
a05-053-00
a05-058-02
a05-058-08
a05-062-06
a05-069-00
a05-069-04
a05-073-00
a05-073-08
a05-084-00
a05-089-03
a05-089-04
a05-089-07
a05-094-01
a05-094-02
a05-094-03
a05-094-04
a05-104-00
a05-104-07
a05-116-04
a05-116-06
a05-121-06
a05-125-07
a06-134-01
a06-141-03
a06-147-00
b01-000-00
b01-000-03
b01-004-00
b01-014-04
b01-023-01
b01-023-05
b01-027-02
b01-027-08
b01-033-00
b01-049-06
b01-053-00
b01-053-01
b01-062-04
b01-073-06
b01-079-07
b01-079-09
b01-084-06
b01-094-04
b01-094-08
b01-113-05
b01-118-00
b01-122-06
b01-127-05
b01-132-07
b01-136-00
b04-000-05
b04-004-01
b04-004-03
b04-004-07
b04-026-03
b04-026-06
b04-047-02
b04-060-04
b04-060-05
b04-060-06
b04-089-05
b04-096-06
b04-103-00
b04-107-04
b04-116-02
b04-116-06
b04-121-06
b04-134-05
b04-140-00
b04-140-05
b04-147-05
b04-162-00
b04-169-06
b04-181-00
b04-181-04
b04-187-02
b04-195-00
b04-195-03
b05-042-02
b05-045-07
b05-050-07
b05-050-08
b05-062-00
b05-062-02
b05-062-04
b05-067-06
b06-000-03
b06-004-01
b06-008-01
b06-008-04
b06-008-06
b06-012-05
b06-015-07
b06-023-00
b06-023-02
b06-027-01
b06-027-09
b06-042-03
b06-042-05
b06-045-01
b06-045-07
b06-049-04
b06-053-03
b06-053-07
b06-056-00
b06-059-03
b06-059-04
b06-059-10
b06-064-07
b06-064-10
b06-093-06
b06-097-06
b06-110-01
b06-110-03
c01-009-02
c01-009-04
c01-014-03
c03-000c-04
c03-000c-06
c03-000c-07
c03-000e-06
c03-000f-07
c03-000f-08
c03-003a-05
c03-003b-03
c03-003b-04
c03-003b-06
c03-003c-05
c03-003c-08
c03-003f-01
c03-003f-05
c03-003f-07
c03-007a-00
c03-007a-05
c03-007b-02
c03-007b-03
c03-007c-05
c03-007d-00
c03-007d-01
c03-007d-02
c03-007e-01
c03-007e-02
c03-007f-04
c03-007f-08
c03-016a-00
c03-016b-00
c03-016c-02
c03-016d-00
c03-016e-09
c03-021a-03
c03-021e-02
c03-021e-04
c03-021e-09
c03-021f-00
c03-021f-05
c03-081a-02
c03-081b-01
c03-081d-09
c03-081e-07
c03-084a-02
c03-084a-03
c03-084d-02
c03-087b-03
c03-094a-01
c03-094b-08
c03-094c-04
c03-094d-00
c03-094d-01
c03-094d-04
c03-094d-10
c03-094f-00
c03-096a-00
c03-096b-05
c03-096c-03
c03-096c-05
c03-096d-03
c03-096e-00
c03-096e-04
c03-096e-05
c04-008-02
c04-008-05
c04-008-06
c04-075-01
c04-122-00
c06-000-05
c06-005-06
c06-011-06
c06-014-07
c06-027-00
c06-027-03
c06-031-02
c06-039-06
c06-043-06
c06-047-02
c06-058-00
c06-076-03
c06-091-01
c06-095-05
c06-103-06
c06-103-09
c06-106-03
c06-111-06
c06-111-07
c06-116-06
c06-116-07
c06-116-09
c06-128-02
c06-128-08
d01-098-03
d01-104-06
d05-008-05
d05-025-02
d05-025-09
d05-030-06
d06-000-01
d06-000-07
d06-003-05
d06-003-06
d06-008-05
d06-015-05
d06-020-03
d06-025-06
d06-027-03
d06-027-05
d06-030-00
d06-030-01
d06-037-04
d06-037-06
d06-041-05
d06-046-02
d06-046-08
d06-056-04
d06-060-08
d06-063-03
d06-067-03
d06-067-04
d06-072-10
d06-086-07
d06-091-00
d06-091-07
d06-096-01
d06-104-06
d06-107-03
d06-111-05
d07-082-02
d07-082-05
d07-085-01
d07-085-06
d07-093-02
d07-096-07
d07-102-05
e01-029-00
e01-032-09
e01-035-05
e01-050-05
e01-055-02
e01-055-03
e01-055-05
e01-059-00
e01-062-02
e04-095-01
e04-099-04
e04-103-02
e04-109-04
e04-114-06
e04-127-02
e04-127-05
e04-132-02
e06-000-07
e06-003-02
e06-003-03
e06-003-08
e06-006-00
e06-010-01
e06-015-06
e06-030-05
e06-033-04
e06-037-07
e06-049-03
e06-049-05
e06-053-02
e06-053-06
e06-070-06
e07-000-05
e07-012-06
e07-012-09
e07-061-03
e07-072-02
e07-072-08
e07-076-05
e07-079-02
e07-079-04
e07-083-03
e07-083-04
e07-090-04
e07-094-03
e07-098-05
e07-098-06
e07-105-00
e07-105-06
e07-108-06
f01-139-02
f04-004-01
f04-004-03
f04-007-02
f04-007-03
f04-016-03
f04-028-01
f04-028-04
f04-074-02
f04-074-11
f04-079-01
f04-083-03
f04-087-01
f04-093-00
f04-093-08
f04-096-00
f04-096-04
f04-096-06
f07-000-01
f07-002-06
f07-002-07
f07-006-02
f07-009-02
f07-013-04
f07-016-02
f07-016-07
f07-019a-07
f07-021a-02
f07-021b-04
f07-021b-06
f07-021b-08
f07-024a-06
f07-028b-04
f07-028b-07
f07-032a-07
f07-032a-08
f07-032b-07
f07-036-05
f07-039a-06
f07-039b-04
f07-042b-02
f07-046a-00
f07-046a-07
f07-069-02
f07-069-07
f07-073-01
f07-073-09
f07-076a-09
f07-076a-10
f07-084a-04
f07-084a-07
f07-088a-05
f07-092a-06
f07-092b-00
f07-092b-05
f07-101b-02
g01-000-02
g01-000-05
g01-012-06
g01-016-01
g01-019-08
g01-031-07
g01-034-05
g01-037-08
g01-043-03
g01-043-06
g01-043-09
g01-067-02
g01-070-01
g01-074-08
g01-083-06
g01-083-09
g04-017-02
g04-017-07
g04-026-00
g04-063-00
g04-063-01
g04-068-05
g04-072-02
g04-088-02
g04-088-11
g04-092-10
g04-095-02
g04-095-03
g04-104-05
g05-094-06
g05-094-08
g05-098-03
g06-011a-01
g06-011a-07
g06-011c-02
g06-011e-00
g06-011e-03
g06-011e-06
g06-011f-02
g06-011j-03
g06-011k-00
g06-011k-03
g06-011l-01
g06-011m-00
g06-011m-05
g06-018a-03
g06-018a-07
g06-018b-02
g06-018b-03
g06-018d-01
g06-018d-07
g06-018e-04
g06-018f-01
g06-018f-04
g06-018g-03
g06-018h-00
g06-018h-02
g06-018i-00
g06-018j-02
g06-018k-07
g06-018l-02
g06-026a-01
g06-026b-02
g06-026b-03
g06-026b-05
g06-026c-03
g06-026d-02
g06-026e-00
g06-026e-01
g06-026i-00
g06-026j-04
g06-026k-03
g06-026l-02
g06-026m-03
g06-031b-09
g06-031c-07
g06-031d-07
g06-031g-00
g06-031h-04
g06-031i-00
g06-031i-06
g06-031j-01
g06-031j-03
g06-031j-08
g06-031l-06
g06-031m-00
g06-031m-02
g06-031m-03
g06-037c-08
g06-037d-00
g06-037f-01
g06-037f-02
g06-037f-07
g06-037g-00
g06-037g-05
g06-037h-02
g06-037j-07
g06-037m-07
g06-037m-09
g06-042a-05
g06-042b-01
g06-042b-02
g06-042b-05
g06-042c-02
g06-042d-03
g06-042e-03
g06-042g-00
g06-042g-02
g06-042i-00
g06-042i-02
g06-042k-05
g06-045g-01
g06-045h-04
g06-045j-03
g06-045l-04
g06-045l-06
g06-047a-07
g06-047c-03
g06-047h-05
g06-047i-01
g06-047k-03
g06-047m-08
g06-050a-05
g06-050b-00
g06-050c-01
g06-050c-08
g06-050d-07
g06-050h-00
g06-050h-07
g06-050j-00
g06-050k-05
g06-050k-07
g06-050l-02
g07-000b-08
g07-079a-00
h04-007-01
h04-021-02
h04-025-04
k04-017-03
k04-017-05
k04-017-06
k04-017-08
m04-000-05
m04-007-03
m04-007-09
m04-019-03
m04-019-05
m04-043-04
m04-061-03
m04-078-00
m04-078-04
m04-081-05
m04-081-09
m04-093-07
m04-107-07
m04-113-03
m04-113-10
m04-123-09
m04-131-08
m04-138-01
m04-145-00
m04-152-05
m04-164-04
m04-190-01
m04-190-03
m04-190-07
m04-209-04
m04-209-05
m04-231-06
m04-246-05
m04-246-06
m04-251-02
m06-048-05
m06-056-00
m06-067-02
m06-067-06
m06-076-02
m06-083-01
m06-091-01
m06-098-00
n01-031-01
n01-031-03
n01-045-04
n02-004-05
n02-004-08
n02-104-01
n02-104-06
n02-109-02
n02-109-06
n04-009-02
n04-022-04
n04-039-04
n04-039-05
n04-044-04
n04-044-10
n04-052-01
n04-052-04
n04-052-05
n04-060-03
n04-060-04
n04-084-05
n04-092-08
n04-114-02
n04-114-05
n04-114-06
n04-130-02
n04-139-03
n04-139-07
n04-156-01
n04-163-01
n04-183-06
n04-190-03
n04-195-02
n04-202-02
n04-213-00
n04-218-07
n04-218-08
n06-092-06
n06-100-03
n06-100-08
n06-123-01
n06-123-04
n06-123-08
n06-128-07
n06-133-03
n06-140-01
n06-140-06
n06-148-01
n06-148-03
n06-156-01
n06-156-04
n06-163-00
n06-163-02
n06-163-09
n06-169-00
n06-194-05
n06-201-02
p02-076-01
p02-081-04
p03-057-00
p03-087-02
p03-087-09
p03-096-01
p03-096-02
p03-112-07
p06-042-05
p06-042-06
p06-047-05
p06-058-05
p06-058-10
p06-069-06
p06-088-01
p06-088-08
p06-096-01
p06-096-05
p06-248-02
p06-248-04
r03-053-03
r03-053-04
r03-053-05
r06-000-00
r06-011-03
r06-011-05
r06-027-07
r06-035-02
r06-035-03
r06-041-05
r06-044-05
r06-049-00
r06-049-06
r06-049-07
r06-053-08
r06-066-08
r06-070-01
r06-070-05
r06-097-05
r06-097-08
r06-103-05
r06-106-00
r06-106-09
r06-111-02
r06-111-03
r06-111-04
r06-115-06
r06-121-02
r06-126-06
r06-130-08
r06-143-03
