a01-000u-00
a01-000u-01
a01-000u-02
a01-000u-03
a01-000u-04
a01-003u-00
a01-003u-07
a01-003u-10
a01-007u-00
a01-007u-01
a01-007u-02
a01-007u-04
a01-007u-05
a01-007u-07
a01-007u-08
a01-007u-09
a01-011u-00
a01-011u-01
a01-011u-03
a01-011u-04
a01-011u-06
a01-011u-07
a01-011u-09
a01-020u-00
a01-020u-01
a01-020u-02
a01-020u-03
a01-026u-00
a01-026u-02
a01-026u-03
a01-026u-10
a01-030u-00
a01-030u-01
a01-030u-02
a01-030u-03
a01-030u-04
a01-030u-05
a01-030u-07
a01-030u-08
a01-043u-00
a01-043u-02
a01-043u-03
a01-043u-04
a01-043u-05
a01-043u-06
a01-043u-07
a01-043u-08
a01-049u-00
a01-049u-04
a01-049u-05
a01-049u-09
a01-049u-10
a01-049x-04
a01-049x-06
a01-049x-07
a01-049x-08
a01-049x-10
a01-053-01
a01-053-07
a01-053u-00
a01-053u-01
a01-053u-02
a01-053u-03
a01-053u-09
a01-058-00
a01-058-01
a01-058-02
a01-058-04
a01-058-08
a01-058u-00
a01-058u-02
a01-058u-06
a01-063-00
a01-063-01
a01-063-02
a01-063-03
a01-063-05
a01-063-06
a01-063-10
a01-063u-01
a01-063u-02
a01-063u-06
a01-063u-07
a01-068u-00
a01-068u-01
a01-068u-04
a01-068u-06
a01-068u-08
a01-072u-00
a01-072u-01
a01-072u-03
a01-072u-04
a01-072u-06
a01-072u-07
a01-072u-08
a01-077-00
a01-077-01
a01-077-03
a01-077-09
a01-077u-01
a01-077u-03
a01-077u-04
a01-077u-07
a01-077u-08
a01-082u-01
a01-082u-02
a01-082u-03
a01-082u-06
a01-087-01
a01-087-02
a01-087-04
a01-087-05
a01-087-07
a01-087u-00
a01-087u-05
a01-087u-06
a01-087u-08
a01-091-02
a01-091-03
a01-091-05
a01-091-07
a01-091-09
a01-091u-00
a01-091u-04
a01-091u-09
a01-096u-01
a01-096u-02
a01-102-00
a01-102-01
a01-102-02
a01-102-04
a01-102-05
a01-102u-03
a01-102u-04
a01-102u-05
a01-107u-00
a01-107u-03
a01-107u-04
a01-113u-01
a01-113u-04
a01-113u-09
a01-117-03
a01-117-06
a01-117-09
a01-117u-00
a01-117u-02
a01-117u-03
a01-117u-10
a01-122-00
a01-122-02
a01-122-03
a01-122-04
a01-122-07
a01-122u-00
a01-122u-06
a01-122u-09
a01-122u-10
a01-128-00
a01-128-01
a01-128-03
a01-128-06
a01-128u-00
a01-128u-02
a01-128u-04
a01-128u-05
a01-128u-07
a01-128u-10
a01-132u-05
a01-132u-06
a01-132u-07
a01-132x-01
a01-132x-02
a01-132x-08
a02-017-01
a02-017-02
a02-017-05
a02-017-06
a02-017-07
a02-020-01
a02-020-02
a02-020-04
a02-020-05
a02-024-02
a02-024-03
a02-024-04
a02-024-05
a02-027-05
a02-027-06
a02-032-03
a02-032-04
a02-037-01
a02-037-02
a02-037-03
a02-037-05
a02-037-07
a02-037-09
a02-042-00
a02-042-07
a02-090-03
a02-090-06
a02-093-00
a02-093-02
a02-093-03
a02-093-04
a02-093-06
a02-093-07
a02-093-08
a02-098-01
a02-098-02
a02-102-01
a02-102-03
a02-102-06
a02-102-07
a02-102-08
a02-106-00
a02-106-08
a02-111-03
a02-111-04
a02-111-07
a02-111-08
a02-111-10
a02-124-00
a02-124-02
a03-047-00
a03-047-03
a03-047-04
a03-047-05
a03-047-06
a03-047-08
a03-047-09
a03-050-00
a03-050-03
a03-050-04
a03-050-05
a03-050-07
a03-071-02
a03-071-04
a03-071-05
a03-071-07
a03-071-08
a03-073-02
a03-073-04
a03-073-05
a03-073-06
a03-073-11
a03-080-03
a03-080-04
a03-080-06
a03-080-07
a04-000-03
a04-000-06
a04-003-03
a04-003-06
a04-006-01
a04-006-03
a04-006-04
a04-006-05
a04-006-09
a04-006-10
a04-010-01
a04-010-02
a04-010-03
a04-010-05
a04-010-07
a04-015-02
a04-015-03
a04-015-04
a04-015-07
a04-019-02
a04-019-03
a04-023-03
a04-023-05
a04-027-00
a04-027-02
a04-027-03
a04-027-05
a04-031-01
a04-031-03
a04-031-04
a04-031-05
a04-035-04
a04-035-05
a04-035-06
a04-035-09
a04-039-00
a04-039-03
a04-039-04
a04-039-07
a04-039-08
a04-039-09
a04-043-01
a04-043-03
a04-043-06
a04-047-00
a04-047-01
a04-047-03
a04-047-04
a04-050-01
a04-050-03
a04-050-06
a04-054-02
a04-054-05
a04-059-00
a04-059-02
a04-059-05
a04-059-06
a04-066-05
a04-066-07
a04-069-00
a04-069-02
a04-069-03
a04-069-04
a04-069-05
a04-069-06
a04-072-03
a04-072-04
a04-072-07
a04-072-08
a04-081-00
a04-081-02
a04-081-08
a04-085-01
a04-085-03
a04-085-06
a04-085-08
a04-089-00
a04-089-01
a04-089-04
a04-089-05
a04-089-07
a04-089-09
a04-092-00
a04-092-02
a04-092-03
a04-092-06
a04-092-08
a04-092-10
a04-096-00
a04-096-01
a04-096-02
a04-096-03
a04-096-04
a04-096-06
a04-096-07
a04-099-01
a04-099-02
a04-099-06
a04-099-09
a04-103-02
a05-000-00
a05-000-01
a05-000-03
a05-000-05
a05-013-04
a05-013-06
a05-013-07
a05-013-08
a05-017-01
a05-017-03
a05-017-05
a05-017-06
a05-017-07
a05-017-08
a05-017-09
a05-022-03
a05-022-04
a05-022-05
a05-022-06
a05-022-08
a05-025-01
a05-025-03
a05-025-06
a05-025-07
a05-025-08
a05-025-09
a05-025-10
a05-029-00
a05-029-01
a05-029-02
a05-029-03
a05-029-05
a05-029-08
a05-039-00
a05-039-02
a05-039-03
a05-039-04
a05-039-06
a05-039-08
a05-039-09
a05-039-10
a05-044-02
a05-044-05
a05-044-08
a05-044-09
a05-048-01
a05-048-02
a05-048-05
a05-048-07
a05-053-01
a05-053-03
a05-053-05
a05-053-09
a05-053-10
a05-058-00
a05-058-03
a05-058-04
a05-058-07
a05-062-00
a05-062-05
a05-062-08
a05-069-02
a05-069-03
a05-069-05
a05-069-06
a05-073-01
a05-073-02
a05-073-05
a05-073-09
a05-080-06
a05-080-07
a05-080-08
a05-084-01
a05-084-03
a05-084-04
a05-084-08
a05-089-00
a05-089-08
a05-089-09
a05-089-10
a05-094-00
a05-094-05
a05-094-06
a05-094-07
a05-094-08
a05-094-09
a05-099-01
a05-099-02
a05-104-03
a05-104-04
a05-104-09
a05-108-00
a05-108-02
a05-108-05
a05-108-06
a05-108-07
a05-113-01
a05-113-06
a05-113-08
a05-116-00
a05-116-03
a05-116-05
a05-116-08
a05-116-09
a05-121-02
a05-121-07
a05-121-08
a05-121-09
a05-125-01
a05-125-05
a05-125-06
a06-124-01
a06-124-05
a06-134-00
a06-134-02
a06-134-03
a06-134-07
a06-141-00
a06-141-01
a06-141-06
a06-147-01
a06-147-02
a06-147-03
a06-147-04
a06-157-00
a06-157-01
a06-157-03
b01-000-02
b01-000-04
b01-004-02
b01-004-03
b01-004-04
b01-009-00
b01-009-01
b01-009-05
b01-009-06
b01-009-07
b01-014-01
b01-014-05
b01-014-06
b01-014-08
b01-018-00
b01-018-02
b01-018-06
b01-018-08
b01-023-00
b01-023-02
b01-023-06
b01-027-00
b01-027-01
b01-027-03
b01-027-07
b01-033-01
b01-033-02
b01-033-03
b01-033-05
b01-038-01
b01-038-04
b01-038-08
b01-044-00
b01-044-01
b01-044-02
b01-044-03
b01-044-06
b01-049-00
b01-049-04
b01-053-02
b01-053-06
b01-053-07
b01-057-00
b01-057-03
b01-057-06
b01-057-07
b01-062-05
b01-062-06
b01-062-07
b01-062-09
b01-073-01
b01-073-02
b01-073-03
b01-073-04
b01-073-05
b01-073-08
b01-079-00
b01-079-01
b01-079-08
b01-084-00
b01-084-02
b01-084-03
b01-089-03
b01-089-05
b01-089-06
b01-089-08
b01-089-09
b01-094-03
b01-094-05
b01-094-06
b01-094-09
b01-113-03
b01-113-04
b01-113-06
b01-118-01
b01-118-02
b01-118-04
b01-118-06
b01-118-07
b01-118-08
b01-122-04
b01-122-07
b01-127-00
b01-127-03
b01-127-04
b01-127-06
b01-127-08
b01-132-03
b01-132-06
b01-136-03
b01-136-04
b01-136-05
b01-136-06
b01-136-07
b04-000-00
b04-000-01
b04-004-04
b04-004-06
b04-004-10
b04-010-01
b04-010-05
b04-010-08
b04-010-09
b04-020-00
b04-020-01
b04-020-02
b04-020-03
b04-020-05
b04-020-06
b04-020-07
b04-026-01
b04-026-02
b04-026-04
b04-034-00
b04-034-02
b04-034-03
b04-034-04
b04-034-05
b04-040-04
b04-040-05
b04-047-05
b04-054-00
b04-054-02
b04-054-03
b04-054-05
b04-060-00
b04-060-02
b04-060-03
b04-066-00
b04-066-02
b04-066-06
b04-075-00
b04-075-01
b04-081-02
b04-081-05
b04-089-00
b04-089-02
b04-089-07
b04-096-00
b04-096-01
b04-096-02
b04-096-03
b04-096-07
b04-103-01
b04-103-05
b04-103-06
b04-107-00
b04-107-01
b04-107-02
b04-107-03
b04-107-06
b04-107-07
b04-116-03
b04-116-04
b04-116-07
b04-121-03
b04-128-01
b04-128-02
b04-128-03
b04-134-00
b04-134-01
b04-134-06
b04-134-07
b04-140-01
b04-140-06
b04-140-07
b04-147-03
b04-147-04
b04-147-06
b04-154-00
b04-154-01
b04-154-05
b04-154-06
b04-154-07
b04-162-01
b04-162-06
b04-162-08
b04-169-01
b04-169-05
b04-169-07
b04-175-01
b04-175-04
b04-175-05
b04-175-06
b04-175-08
b04-181-01
b04-181-03
b04-181-05
b04-181-06
b04-187-04
b04-187-07
b04-195-01
b04-195-05
b04-195-06
b04-202-02
b04-202-03
b04-202-04
b04-202-06
b04-202-07
b04-208-00
b05-038-01
b05-038-02
b05-038-04
b05-038-06
b05-042-00
b05-042-01
b05-042-03
b05-042-05
b05-042-07
b05-042-09
b05-045-00
b05-045-04
b05-045-08
b05-045-09
b05-050-01
b05-050-04
b05-050-06
b05-055-00
b05-055-01
b05-055-02
b05-055-03
b05-058-00
b05-067-01
b05-067-04
b05-067-05
b05-071-03
b05-071-05
b05-074-01
b05-074-02
b05-074-03
b05-074-06
b05-074-07
b05-074-09
b05-074-10
b06-000-00
b06-000-01
b06-000-04
b06-000-05
b06-000-06
b06-000-07
b06-004-00
b06-004-04
b06-004-07
b06-008-02
b06-008-07
b06-012-00
b06-012-01
b06-012-03
b06-012-04
b06-015-00
b06-015-02
b06-015-03
b06-015-04
b06-015-05
b06-015-06
b06-019-00
b06-019-01
b06-019-02
b06-019-03
b06-019-06
b06-019-07
b06-023-04
b06-027-02
b06-027-03
b06-027-04
b06-027-06
b06-027-07
b06-032-01
b06-032-02
b06-032-03
b06-032-06
b06-036-01
b06-036-03
b06-036-06
b06-042-00
b06-042-02
b06-042-04
b06-042-08
b06-042-09
b06-045-00
b06-045-06
b06-045-08
b06-049-00
b06-049-01
b06-049-05
b06-049-06
b06-053-02
b06-053-04
b06-053-09
b06-053-10
b06-056-01
b06-056-04
b06-056-07
b06-056-08
b06-056-09
b06-059-01
b06-059-05
b06-059-08
b06-064-00
b06-064-01
b06-064-03
b06-064-05
b06-064-06
b06-068-00
b06-068-01
b06-068-03
b06-071-01
b06-071-02
b06-071-06
b06-071-08
b06-075-01
b06-075-02
b06-075-03
b06-075-06
b06-075-07
b06-075-08
b06-075-09
b06-079-01
b06-079-02
b06-079-05
b06-079-06
b06-079-07
b06-079-08
b06-079-09
b06-082-01
b06-082-02
b06-082-03
b06-082-05
b06-082-09
b06-093-00
b06-093-01
b06-093-02
b06-093-04
b06-097-00
b06-097-02
b06-100-00
b06-100-04
b06-100-05
b06-100-09
b06-110-02
b06-110-05
c01-009-01
c01-009-05
c01-009-06
c01-009-09
c01-009-10
c01-014-01
c01-014-04
c01-014-08
c01-014-10
c03-000a-02
c03-000a-04
c03-000a-06
c03-000b-01
c03-000b-02
c03-000c-01
c03-000c-02
c03-000d-00
c03-000d-02
c03-000d-04
c03-000d-05
c03-000e-00
c03-000e-01
c03-000e-02
c03-000e-04
c03-000e-07
c03-000f-01
c03-000f-02
c03-000f-03
c03-000f-04
c03-000f-05
c03-000f-06
c03-003a-00
c03-003a-02
c03-003a-03
c03-003a-06
c03-003a-08
c03-003b-00
c03-003b-01
c03-003c-02
c03-003c-06
c03-003c-07
c03-003d-01
c03-003d-02
c03-003d-03
c03-003d-04
c03-003d-05
c03-003d-06
c03-003d-07
c03-003e-02
c03-003e-04
c03-003e-05
c03-003e-06
c03-003e-07
c03-003e-08
c03-003f-02
c03-003f-03
c03-003f-04
c03-003f-08
c03-003f-09
c03-007a-01
c03-007a-02
c03-007a-04
c03-007a-06
c03-007b-00
c03-007b-01
c03-007b-04
c03-007b-05
c03-007c-01
c03-007c-02
c03-007c-04
c03-007c-06
c03-007c-08
c03-007d-03
c03-007d-04
c03-007d-07
c03-007e-04
c03-007e-06
c03-007e-07
c03-007e-08
c03-007f-00
c03-007f-03
c03-007f-07
c03-016a-02
c03-016a-03
c03-016a-04
c03-016a-07
c03-016a-08
c03-016a-09
c03-016b-01
c03-016b-04
c03-016b-06
c03-016b-07
c03-016c-03
c03-016c-05
c03-016c-06
c03-016c-09
c03-016d-01
c03-016d-03
c03-016d-06
c03-016d-10
c03-016e-02
c03-016e-03
c03-016e-10
c03-021a-01
c03-021a-02
c03-021a-04
c03-021a-05
c03-021a-07
c03-021a-08
c03-021b-01
c03-021b-02
c03-021b-03
c03-021b-04
c03-021b-06
c03-021c-00
c03-021c-06
c03-021c-08
c03-021c-09
c03-021d-05
c03-021d-08
c03-021e-01
c03-021e-03
c03-021e-05
c03-021e-06
c03-021e-07
c03-021e-10
c03-021f-04
c03-021f-07
c03-081a-00
c03-081a-06
c03-081b-03
c03-081b-06
c03-081b-07
c03-081c-00
c03-081c-02
c03-081c-03
c03-081c-04
c03-081c-06
c03-081c-07
c03-081c-08
c03-081d-02
c03-081d-03
c03-081d-04
c03-081d-05
c03-081d-06
c03-081e-03
c03-081e-06
c03-081e-08
c03-081e-09
c03-081e-10
c03-081f-01
c03-081f-02
c03-081f-03
c03-081f-04
c03-081f-05
c03-081f-08
c03-081f-09
c03-084a-00
c03-084a-01
c03-084a-04
c03-084a-05
c03-084a-06
c03-084b-03
c03-084b-05
c03-084b-07
c03-084c-00
c03-084c-04
c03-084d-01
c03-084d-03
c03-084d-04
c03-084d-05
c03-084d-07
c03-084e-03
c03-084e-06
c03-084f-00
c03-084f-03
c03-084f-06
c03-084f-08
c03-087a-01
c03-087a-05
c03-087a-06
c03-087a-08
c03-087b-01
c03-087b-04
c03-087b-05
c03-087b-06
c03-087b-07
c03-087b-08
c03-087c-01
c03-087c-03
c03-087c-06
c03-087d-02
c03-087d-03
c03-087d-06
c03-087d-08
c03-087d-09
c03-087e-02
c03-087e-03
c03-087e-04
c03-087e-05
c03-087e-08
c03-087f-01
c03-087f-05
c03-094a-02
c03-094a-05
c03-094b-00
c03-094b-02
c03-094b-03
c03-094b-05
c03-094b-07
c03-094c-05
c03-094c-06
c03-094c-07
c03-094d-02
c03-094d-03
c03-094d-07
c03-094d-08
c03-094e-00
c03-094e-07
c03-094e-09
c03-094f-01
c03-094f-04
c03-094f-05
c03-094f-08
c03-094f-09
c03-096a-01
c03-096a-04
c03-096a-07
c03-096b-01
c03-096b-03
c03-096b-06
c03-096b-07
c03-096c-00
c03-096c-01
c03-096c-02
c03-096c-06
c03-096c-07
c03-096d-00
c03-096d-04
c03-096d-06
c03-096d-07
c03-096e-03
c03-096e-07
c03-096f-03
c03-096f-05
c03-096f-06
c04-008-00
c04-008-04
c04-008-07
c04-008-08
c04-013-01
c04-013-04
c04-013-05
c04-075-02
c04-075-05
c04-075-06
c04-122-01
c04-122-02
c04-122-04
c06-000-00
c06-000-06
c06-005-01
c06-005-03
c06-005-04
c06-005-07
c06-005-08
c06-011-03
c06-011-05
c06-011-07
c06-011-08
c06-014-01
c06-014-02
c06-014-03
c06-014-08
c06-014-09
c06-020-00
c06-020-01
c06-020-02
c06-020-03
c06-020-04
c06-027-02
c06-027-05
c06-027-06
c06-031-00
c06-031-01
c06-031-04
c06-039-04
c06-039-07
c06-043-01
c06-043-02
c06-043-03
c06-043-04
c06-043-08
c06-043-09
c06-047-03
c06-047-06
c06-052-00
c06-052-02
c06-052-06
c06-058-01
c06-058-02
c06-058-06
c06-076-04
c06-076-06
c06-080-01
c06-080-02
c06-080-05
c06-080-06
c06-080-09
c06-091-00
c06-091-03
c06-091-04
c06-091-05
c06-095-00
c06-095-01
c06-095-02
c06-095-03
c06-095-06
c06-100-01
c06-100-02
c06-100-03
c06-100-04
c06-100-05
c06-100-07
c06-103-00
c06-103-01
c06-103-04
c06-103-07
c06-106-02
c06-106-04
c06-106-05
c06-106-06
c06-111-03
c06-111-05
c06-116-01
c06-116-05
c06-116-10
c06-128-00
c06-128-01
c06-128-03
c06-128-06
c06-128-07
c06-138-00
c06-138-02
c06-138-06
c06-138-07
d01-098-01
d01-098-02
d01-098-04
d01-104-00
d01-104-02
d01-104-05
d01-104-07
d01-118-01
d01-118-05
d01-118-06
d01-123-01
d01-123-02
d01-123-05
d04-081-05
d04-081-06
d05-008-00
d05-008-03
d05-008-04
d05-008-06
d05-021-02
d05-021-06
d05-025-00
d05-025-04
d05-025-05
d05-025-06
d05-025-08
d05-030-00
d05-030-02
d05-030-04
d05-030-05
d05-030-07
d06-000-02
d06-000-05
d06-000-09
d06-003-00
d06-003-01
d06-003-02
d06-003-03
d06-003-04
d06-008-00
d06-008-02
d06-008-03
d06-008-04
d06-008-06
d06-008-07
d06-008-09
d06-011-00
d06-011-01
d06-011-02
d06-011-04
d06-011-05
d06-011-06
d06-011-09
d06-015-01
d06-015-03
d06-020-02
d06-020-05
d06-020-06
d06-020-07
d06-025-02
d06-025-04
d06-025-05
d06-025-07
d06-027-02
d06-030-03
d06-030-04
d06-030-05
d06-037-01
d06-037-02
d06-037-05
d06-037-07
d06-041-00
d06-041-01
d06-041-02
d06-041-03
d06-041-06
d06-041-07
d06-046-00
d06-046-01
d06-046-05
d06-046-07
d06-050-01
d06-050-05
d06-056-00
d06-056-02
d06-056-05
d06-056-07
d06-056-08
d06-060-00
d06-060-01
d06-060-03
d06-060-04
d06-060-06
d06-060-09
d06-063-01
d06-063-04
d06-063-06
d06-067-01
d06-067-02
d06-067-06
d06-067-07
d06-072-00
d06-072-01
d06-072-02
d06-072-03
d06-072-07
d06-072-08
d06-076-01
d06-076-02
d06-082-02
d06-082-03
d06-082-04
d06-082-05
d06-086-08
d06-086-09
d06-091-01
d06-091-02
d06-091-04
d06-091-05
d06-091-10
d06-096-03
d06-096-06
d06-096-07
d06-096-08
d06-100-00
d06-100-01
d06-100-03
d06-100-07
d06-104-00
d06-104-03
d06-104-04
d06-104-07
d06-104-08
d06-107-01
d06-107-05
d06-111-00
d06-111-01
d06-111-02
d06-111-03
d06-113-00
d06-113-01
d06-113-03
d07-082-01
d07-082-08
d07-085-02
d07-085-03
d07-085-07
d07-089-02
d07-089-05
d07-089-06
d07-089-09
d07-089-10
d07-093-00
d07-093-01
d07-093-03
d07-093-04
d07-093-07
d07-096-01
d07-096-04
d07-096-05
d07-096-06
d07-096-08
d07-100-01
d07-100-04
d07-100-07
d07-102-00
d07-102-01
d07-102-04
d07-102-06
d07-102-07
e01-029-03
e01-029-04
e01-029-07
e01-029-08
e01-032-02
e01-032-03
e01-032-06
e01-032-07
e01-032-10
e01-035-00
e01-035-04
e01-035-06
e01-050-00
e01-050-01
e01-050-02
e01-050-03
e01-050-04
e01-050-07
e01-055-01
e01-055-04
e01-055-06
e01-055-07
e01-055-09
e01-059-03
e01-062-03
e01-062-06
e01-062-07
e01-119-02
e04-000-00
e04-000-01
e04-000-03
e04-083-00
e04-083-04
e04-083-05
e04-083-06
e04-091-05
e04-095-00
e04-095-02
e04-095-04
e04-095-06
e04-099-01
e04-099-02
e04-099-03
e04-099-05
e04-099-06
e04-103-00
e04-103-04
e04-109-00
e04-109-01
e04-109-06
e04-114-00
e04-114-01
e04-114-02
e04-114-04
e04-119-01
e04-119-04
e04-124-00
e04-124-05
e04-124-06
e04-127-00
e04-127-03
e04-127-06
e04-132-00
e06-000-00
e06-000-02
e06-000-03
e06-000-05
e06-000-06
e06-003-01
e06-003-04
e06-003-07
e06-003-09
e06-003-10
e06-006-04
e06-006-06
e06-006-07
e06-006-08
e06-006-09
e06-006-10
e06-010-00
e06-010-05
e06-010-07
e06-015-00
e06-015-04
e06-015-07
e06-021-00
e06-021-02
e06-021-03
e06-021-09
e06-021-10
e06-026-00
e06-026-01
e06-026-02
e06-026-08
e06-030-00
e06-030-01
e06-030-02
e06-030-07
e06-030-08
e06-030-09
e06-033-03
e06-033-05
e06-033-08
e06-037-01
e06-037-04
e06-037-08
e06-037-10
e06-041-00
e06-041-01
e06-041-04
e06-041-06
e06-041-09
e06-046-05
e06-049-02
e06-049-04
e06-049-07
e06-049-09
e06-053-03
e06-053-07
e06-070-02
e06-070-04
e06-070-05
e07-000-06
e07-012-00
e07-012-04
e07-012-08
e07-012-10
e07-012-11
e07-061-00
e07-061-04
e07-061-06
e07-061-08
e07-061-09
e07-066-02
e07-066-04
e07-066-05
e07-072-03
e07-072-04
e07-072-05
e07-072-06
e07-072-09
e07-072-11
e07-076-02
e07-076-04
e07-076-07
e07-079-00
e07-079-03
e07-079-05
e07-079-07
e07-079-09
e07-083-00
e07-083-07
e07-083-09
e07-086-00
e07-086-01
e07-086-02
e07-086-03
e07-086-04
e07-086-09
e07-090-00
e07-090-01
e07-090-02
e07-090-05
e07-090-07
e07-090-08
e07-094-01
e07-094-02
e07-098-00
e07-098-01
e07-098-03
e07-098-04
e07-098-08
e07-101-00
e07-101-03
e07-101-05
e07-101-07
e07-101-08
e07-101-10
e07-105-03
e07-105-05
e07-108-00
e07-108-01
e07-108-02
e07-108-03
e07-108-05
e07-108-09
f01-139-00
f01-139-03
f01-139-04
f01-139-05
f01-139-07
f04-004-00
f04-004-07
f04-007-05
f04-007-06
f04-011-00
f04-011-04
f04-011-05
f04-011-08
f04-011-09
f04-016-01
f04-016-02
f04-016-04
f04-016-05
f04-016-06
f04-020-00
f04-020-01
f04-020-02
f04-020-04
f04-020-05
f04-024-00
f04-024-01
f04-024-03
f04-024-04
f04-024-05
f04-028-00
f04-028-03
f04-028-05
f04-074-00
f04-074-01
f04-074-04
f04-074-06
f04-074-07
f04-079-00
f04-079-03
f04-079-05
f04-079-07
f04-079-10
f04-083-00
f04-083-01
f04-083-05
f04-083-06
f04-083-08
f04-087-02
f04-087-03
f04-093-01
f04-093-04
f04-093-05
f04-093-07
f04-093-09
f04-096-01
f04-096-02
f04-096-09
f04-100-02
f04-100-03
f04-100-04
f04-100-05
f04-100-06
f04-100-07
f04-100-09
f04-100-10
f07-000-06
f07-000-07
f07-000-08
f07-000b-01
f07-000b-02
f07-000b-03
f07-000b-05
f07-002-03
f07-002-05
f07-006-00
f07-006-05
f07-006-06
f07-009-00
f07-009-01
f07-009-06
f07-009-08
f07-009-09
f07-013-00
f07-013-01
f07-013-02
f07-013-03
f07-013-07
f07-016-03
f07-016-04
f07-016-05
f07-016-08
f07-019a-00
f07-019a-05
f07-019a-08
f07-019b-00
f07-019b-01
f07-019b-04
f07-019b-07
f07-019b-09
f07-019b-10
f07-021a-03
f07-021a-07
f07-021b-01
f07-021b-02
f07-021b-03
f07-024a-00
f07-024a-01
f07-024a-02
f07-024a-04
f07-024b-01
f07-024b-03
f07-024b-04
f07-024b-05
f07-024b-06
f07-024b-10
f07-028a-00
f07-028a-02
f07-028a-03
f07-028a-04
f07-028a-05
f07-028a-09
f07-028b-00
f07-028b-03
f07-028b-06
f07-032a-00
f07-032a-01
f07-032a-02
f07-032a-09
f07-032a-10
f07-032b-00
f07-032b-03
f07-032b-06
f07-032b-09
f07-032b-10
f07-036-03
f07-036-04
f07-036-06
f07-036-08
f07-039a-02
f07-039a-04
f07-039a-05
f07-039b-00
f07-039b-02
f07-039b-05
f07-039b-06
f07-039b-07
f07-039b-08
f07-042a-00
f07-042a-04
f07-042a-05
f07-042b-00
f07-042b-03
f07-042b-04
f07-042b-05
f07-046a-02
f07-046a-05
f07-046a-06
f07-046a-08
f07-046a-09
f07-069-05
f07-069-08
f07-069-09
f07-073-00
f07-073-03
f07-073-05
f07-073-06
f07-076a-00
f07-076a-02
f07-076a-04
f07-076a-05
f07-076a-06
f07-081a-01
f07-081a-02
f07-081a-03
f07-081a-05
f07-081a-06
f07-081a-07
f07-081a-10
f07-081b-03
f07-081b-04
f07-081b-05
f07-081b-06
f07-084a-01
f07-084a-08
f07-084a-10
f07-084b-01
f07-084b-02
f07-084b-03
f07-084b-05
f07-084b-07
f07-088a-01
f07-088a-04
f07-088a-06
f07-088a-07
f07-088a-08
f07-088a-09
f07-088b-01
f07-088b-02
f07-088b-05
f07-088b-06
f07-092a-01
f07-092a-08
f07-092b-01
f07-092b-02
f07-092b-06
f07-096-01
f07-096-03
f07-096-05
f07-101b-01
g01-000-00
g01-000-01
g01-000-03
g01-000-04
g01-000-07
g01-012-01
g01-012-02
g01-012-04
g01-012-05
g01-016-03
g01-016-06
g01-019-03
g01-019-05
g01-019-06
g01-019-07
g01-019-09
g01-031-01
g01-031-03
g01-031-08
g01-031-09
g01-034-02
g01-034-03
g01-034-08
g01-037-00
g01-037-01
g01-037-02
g01-037-06
g01-037-07
g01-037-09
g01-039-02
g01-039-03
g01-039-04
g01-039-06
g01-039-07
g01-043-04
g01-043-05
g01-045-00
g01-045-03
g01-045-04
g01-045-05
g01-045-06
g01-045-07
g01-067-00
g01-067-05
g01-067-09
g01-070-04
g01-070-05
g01-070-06
g01-070-07
g01-074-00
g01-074-01
g01-074-02
g01-074-03
g01-074-05
g01-074-07
g01-083-02
g01-083-05
g01-083-08
g03-049-00
g03-049-01
g03-049-02
g03-049-03
g03-049-04
g03-049-05
g04-003-02
g04-003-03
g04-003-05
g04-003-06
g04-007-01
g04-007-02
g04-007-03
g04-007-05
g04-007-06
g04-011-02
g04-011-03
g04-011-06
g04-011-08
g04-014-01
g04-014-03
g04-017-00
g04-026-01
g04-026-02
g04-026-03
g04-032-00
g04-032-01
g04-032-03
g04-032-04
g04-060-02
g04-060-03
g04-060-05
g04-060-06
g04-063-05
g04-063-08
g04-063-09
g04-068-00
g04-068-02
g04-068-07
g04-072-00
g04-072-01
g04-072-03
g04-072-04
g04-072-07
g04-088-00
g04-088-07
g04-088-08
g04-088-09
g04-092-00
g04-092-03
g04-092-04
g04-092-05
g04-092-07
g04-092-08
g04-095-01
g04-095-04
g04-095-06
g04-095-07
g04-104-00
g04-104-01
g04-104-03
g04-104-07
g04-104-08
g04-108-02
g05-094-04
g05-094-09
g05-098-00
g05-098-01
g05-098-05
g05-098-06
g06-011a-05
g06-011a-06
g06-011a-08
g06-011a-09
g06-011a-10
g06-011b-00
g06-011b-02
g06-011b-04
g06-011b-06
g06-011b-09
g06-011b-10
g06-011c-00
g06-011c-04
g06-011c-05
g06-011c-07
g06-011c-08
g06-011e-02
g06-011e-04
g06-011f-00
g06-011f-01
g06-011f-04
g06-011g-00
g06-011g-01
g06-011g-02
g06-011g-04
g06-011g-05
g06-011g-06
g06-011g-07
g06-011g-08
g06-011h-01
g06-011h-03
g06-011h-04
g06-011h-05
g06-011h-08
g06-011i-00
g06-011i-02
g06-011i-03
g06-011i-05
g06-011i-06
g06-011i-07
g06-011j-01
g06-011j-02
g06-011j-04
g06-011j-07
g06-011j-08
g06-011j-09
g06-011j-10
g06-011k-04
g06-011k-06
g06-011k-08
g06-011l-00
g06-011l-05
g06-011l-06
g06-011m-01
g06-011m-04
g06-011m-07
g06-011m-08
g06-011m-09
g06-018a-00
g06-018a-04
g06-018b-05
g06-018b-07
g06-018b-08
g06-018c-00
g06-018c-03
g06-018c-04
g06-018c-05
g06-018d-00
g06-018d-03
g06-018d-05
g06-018e-00
g06-018e-02
g06-018e-05
g06-018e-06
g06-018f-00
g06-018f-02
g06-018g-00
g06-018g-01
g06-018h-03
g06-018h-05
g06-018i-01
g06-018i-03
g06-018i-04
g06-018j-00
g06-018k-00
g06-018k-01
g06-018k-02
g06-018k-03
g06-018k-04
g06-018l-00
g06-018l-03
g06-018l-04
g06-018l-05
g06-018l-06
g06-018m-00
g06-018m-04
g06-018m-07
g06-026a-04
g06-026a-05
g06-026a-06
g06-026b-00
g06-026b-01
g06-026b-04
g06-026b-07
g06-026b-08
g06-026c-01
g06-026c-04
g06-026d-01
g06-026e-02
g06-026e-03
g06-026f-00
g06-026f-03
g06-026f-04
g06-026g-00
g06-026g-01
g06-026g-04
g06-026h-01
g06-026h-02
g06-026h-04
g06-026i-01
g06-026i-02
g06-026i-05
g06-026j-02
g06-026j-03
g06-026j-06
g06-026k-02
g06-026k-04
g06-026k-06
g06-026m-02
g06-026m-04
g06-026m-05
g06-031a-01
g06-031a-04
g06-031a-06
g06-031b-00
g06-031b-02
g06-031b-06
g06-031b-08
g06-031b-10
g06-031c-03
g06-031c-04
g06-031c-05
g06-031c-06
g06-031d-02
g06-031d-05
g06-031d-06
g06-031e-01
g06-031e-02
g06-031e-04
g06-031e-05
g06-031f-00
g06-031f-03
g06-031g-01
g06-031g-06
g06-031h-05
g06-031h-06
g06-031h-08
g06-031i-02
g06-031i-03
g06-031j-00
g06-031j-02
g06-031j-04
g06-031j-09
g06-031k-00
g06-031k-01
g06-031k-05
g06-031k-07
g06-031l-00
g06-031l-01
g06-031m-05
g06-031m-07
g06-037b-00
g06-037b-02
g06-037b-04
g06-037b-05
g06-037b-06
g06-037b-07
g06-037b-08
g06-037b-09
g06-037c-01
g06-037c-03
g06-037c-07
g06-037c-10
g06-037d-02
g06-037d-03
g06-037d-04
g06-037d-07
g06-037d-08
g06-037d-09
g06-037e-00
g06-037e-02
g06-037e-03
g06-037e-04
g06-037e-05
g06-037e-06
g06-037e-08
g06-037f-00
g06-037f-03
g06-037g-08
g06-037h-04
g06-037h-09
g06-037h-10
g06-037i-01
g06-037i-03
g06-037i-05
g06-037i-08
g06-037i-09
g06-037j-02
g06-037j-06
g06-037j-08
g06-037j-09
g06-037k-00
g06-037k-01
g06-037k-02
g06-037k-06
g06-037k-08
g06-037l-00
g06-037l-01
g06-037l-02
g06-037l-04
g06-037l-05
g06-037l-06
g06-037l-07
g06-037m-02
g06-037m-03
g06-037m-04
g06-037m-05
g06-037m-06
g06-037m-08
g06-037m-10
g06-042a-00
g06-042a-02
g06-042b-00
g06-042b-07
g06-042c-00
g06-042c-03
g06-042c-04
g06-042d-02
g06-042d-04
g06-042e-01
g06-042e-04
g06-042f-01
g06-042f-02
g06-042g-01
g06-042g-03
g06-042g-04
g06-042h-00
g06-042h-01
g06-042h-03
g06-042h-05
g06-042h-06
g06-042i-04
g06-042j-03
g06-042j-04
g06-042j-05
g06-042k-00
g06-042l-00
g06-042l-02
g06-042m-02
g06-042m-05
g06-042m-06
g06-045a-00
g06-045a-01
g06-045a-02
g06-045a-03
g06-045a-06
g06-045a-07
g06-045b-04
g06-045b-05
g06-045b-07
g06-045b-09
g06-045c-03
g06-045c-05
g06-045d-02
g06-045e-03
g06-045f-02
g06-045f-03
g06-045f-04
g06-045f-05
g06-045g-02
g06-045g-04
g06-045g-05
g06-045h-00
g06-045h-05
g06-045h-06
g06-045i-01
g06-045i-05
g06-045j-04
g06-045j-06
g06-045j-07
g06-045j-08
g06-045k-00
g06-045k-01
g06-045k-02
g06-045k-03
g06-045k-04
g06-045k-06
g06-045l-01
g06-045l-03
g06-045m-02
g06-045m-08
g06-047a-01
g06-047a-02
g06-047a-03
g06-047a-05
g06-047a-06
g06-047b-03
g06-047b-04
g06-047b-05
g06-047c-01
g06-047c-02
g06-047c-04
g06-047c-06
g06-047c-07
g06-047d-00
g06-047d-01
g06-047d-03
g06-047d-04
g06-047d-05
g06-047e-00
g06-047e-01
g06-047e-02
g06-047f-00
g06-047f-01
g06-047f-02
g06-047f-04
g06-047f-05
g06-047g-01
g06-047h-00
g06-047h-01
g06-047h-03
g06-047h-04
g06-047h-06
g06-047i-03
g06-047i-05
g06-047i-06
g06-047j-01
g06-047j-03
g06-047j-05
g06-047j-08
g06-047k-00
g06-047k-02
g06-047k-05
g06-047k-07
g06-047l-00
g06-047l-01
g06-047l-02
g06-047l-03
g06-047l-06
g06-047m-01
g06-047m-02
g06-047m-03
g06-047m-04
g06-050a-02
g06-050a-04
g06-050a-06
g06-050b-01
g06-050b-06
g06-050c-00
g06-050c-02
g06-050c-06
g06-050d-00
g06-050d-01
g06-050d-02
g06-050d-05
g06-050d-06
g06-050e-01
g06-050e-02
g06-050e-05
g06-050f-00
g06-050g-01
g06-050g-04
g06-050g-05
g06-050g-06
g06-050h-01
g06-050h-03
g06-050h-04
g06-050i-00
g06-050i-01
g06-050i-02
g06-050i-04
g06-050j-02
g06-050j-03
g06-050j-04
g06-050j-05
g06-050j-06
g06-050j-09
g06-050k-02
g06-050k-08
g06-050l-01
g06-050l-04
g06-050l-07
g06-050m-01
g06-050m-02
g06-050m-03
g06-050m-05
g06-050m-08
g06-050m-09
g07-000b-00
g07-000b-01
g07-000b-04
g07-000b-05
g07-000b-09
g07-079a-01
g07-079a-04
g07-079a-05
g07-079a-06
g07-079a-08
g07-079a-10
h01-004-00
h01-004-02
h01-004-04
h01-004-05
h04-000-00
h04-000-02
h04-000-03
h04-000-05
h04-000-06
h04-000-07
h04-000-08
h04-007-00
h04-007-03
h04-007-08
h04-021-04
h04-021-05
h04-021-06
h04-021-07
h04-025-03
h04-025-05
h05-012-00
h05-012-02
h05-012-03
h05-012-04
h05-012-06
k04-017-09
m04-000-00
m04-000-01
m04-000-03
m04-000-04
m04-007-00
m04-007-05
m04-007-06
m04-007-07
m04-012-04
m04-012-05
m04-012-06
m04-012-07
m04-012-09
m04-019-02
m04-019-06
m04-019-07
m04-024-00
m04-024-02
m04-024-06
m04-030-02
m04-030-03
m04-030-04
m04-038-00
m04-038-02
m04-038-03
m04-038-05
m04-061-00
m04-061-01
m04-072-03
m04-072-05
m04-078-02
m04-078-03
m04-081-02
m04-081-03
m04-081-06
m04-081-08
m04-081-10
m04-093-00
m04-093-01
m04-093-02
m04-093-04
m04-093-09
m04-100-00
m04-100-02
m04-100-03
m04-100-04
m04-100-05
m04-100-06
m04-100-07
m04-107-00
m04-107-04
m04-107-06
m04-107-08
m04-107-09
m04-113-00
m04-113-02
m04-113-05
m04-123-00
m04-123-01
m04-123-04
m04-123-05
m04-123-07
m04-131-00
m04-131-01
m04-131-03
m04-131-04
m04-131-07
m04-138-02
m04-138-03
m04-138-05
m04-138-06
m04-138-07
m04-145-04
m04-145-05
m04-145-06
m04-152-01
m04-152-03
m04-152-04
m04-152-07
m04-164-00
m04-164-02
m04-164-05
m04-164-06
m04-180-02
m04-180-03
m04-180-05
m04-190-05
m04-190-09
m04-200-01
m04-200-03
m04-200-04
m04-200-07
m04-209-01
m04-209-03
m04-209-06
m04-216-01
m04-216-02
m04-216-03
m04-216-04
m04-216-06
m04-222-01
m04-222-04
m04-222-07
m04-231-01
m04-231-02
m04-231-04
m04-231-05
m04-238-03
m04-238-05
m04-246-00
m04-246-04
m04-251-00
m06-019-01
m06-019-02
m06-019-04
m06-019-05
m06-031-04
m06-042-04
m06-042-05
m06-048-00
m06-048-02
m06-048-06
m06-056-02
m06-056-04
m06-067-04
m06-067-05
m06-076-00
m06-076-01
m06-076-03
m06-076-04
m06-076-05
m06-083-03
m06-083-04
m06-083-06
m06-083-07
m06-091-00
m06-091-02
m06-091-03
m06-091-06
m06-098-01
m06-098-03
m06-098-05
m06-106-00
m06-106-02
m06-106-04
m06-106-06
m06-106-07
m06-106-09
n01-020-01
n01-020-03
n01-020-05
n01-031-02
n01-031-04
n01-031-05
n01-031-06
n01-031-07
n01-045-02
n01-045-05
n01-045-07
n01-045-09
n02-004-00
n02-004-01
n02-004-02
n02-004-04
n02-009-02
n02-009-04
n02-009-05
n02-098-00
n02-098-03
n02-098-04
n02-098-05
n02-098-06
n02-104-02
n02-104-03
n02-109-03
n02-109-05
n02-109-07
n02-114-00
n02-114-02
n02-114-03
n02-114-04
n02-114-05
n02-114-08
n02-114-09
n02-120-00
n02-120-01
n02-120-02
n02-127-01
n02-127-04
n02-127-07
n04-000-00
n04-000-01
n04-000-04
n04-000-05
n04-009-00
n04-009-03
n04-015-00
n04-015-01
n04-015-04
n04-015-05
n04-015-06
n04-022-00
n04-022-01
n04-022-02
n04-022-03
n04-022-05
n04-031-01
n04-031-04
n04-031-05
n04-039-00
n04-039-01
n04-039-03
n04-044-00
n04-044-02
n04-048-00
n04-048-01
n04-048-09
n04-052-00
n04-052-03
n04-060-00
n04-060-01
n04-060-05
n04-068-00
n04-068-03
n04-068-05
n04-068-06
n04-075-00
n04-075-01
n04-075-02
n04-075-04
n04-075-05
n04-075-06
n04-084-00
n04-084-01
n04-084-03
n04-084-04
n04-092-00
n04-092-01
n04-092-02
n04-092-05
n04-092-06
n04-092-07
n04-100-01
n04-100-04
n04-100-06
n04-107-01
n04-107-02
n04-107-04
n04-114-03
n04-114-07
n04-130-04
n04-130-05
n04-139-04
n04-139-06
n04-149-00
n04-149-01
n04-149-03
n04-149-06
n04-149-07
n04-156-02
n04-156-03
n04-156-04
n04-156-06
n04-156-07
n04-163-00
n04-163-02
n04-163-08
n04-171-02
n04-171-03
n04-171-04
n04-171-06
n04-183-01
n04-183-04
n04-190-04
n04-190-05
n04-190-06
n04-195-01
n04-195-03
n04-195-05
n04-202-00
n04-202-01
n04-202-03
n04-202-07
n04-209-03
n04-209-05
n04-213-06
n04-213-07
n04-218-01
n04-218-02
n04-218-03
n04-218-04
n04-218-05
n04-218-06
n04-218-09
n06-074-02
n06-074-03
n06-074-04
n06-074-05
n06-082-02
n06-082-03
n06-082-05
n06-082-06
n06-092-01
n06-092-03
n06-100-01
n06-100-05
n06-100-09
n06-111-01
n06-111-06
n06-111-07
n06-119-00
n06-119-02
n06-119-03
n06-119-06
n06-123-00
n06-123-02
n06-123-03
n06-123-05
n06-123-10
n06-128-00
n06-128-03
n06-128-04
n06-128-06
n06-133-00
n06-133-01
n06-133-02
n06-133-04
n06-140-02
n06-140-03
n06-140-04
n06-140-05
n06-140-07
n06-148-04
n06-148-06
n06-148-08
n06-156-02
n06-156-06
n06-163-01
n06-163-03
n06-163-04
n06-163-07
n06-163-08
n06-169-01
n06-169-03
n06-169-04
n06-175-02
n06-175-05
n06-175-06
n06-175-09
n06-182-00
n06-182-02
n06-182-04
n06-182-05
n06-182-06
n06-182-07
n06-186-00
n06-186-01
n06-186-02
n06-186-04
n06-186-05
n06-194-00
n06-194-04
n06-194-07
n06-201-03
n06-201-05
n06-201-06
p02-076-00
p02-076-02
p02-076-05
p02-076-07
p02-081-01
p02-081-05
p02-081-06
p02-081-07
p02-081-09
p03-057-01
p03-057-06
p03-057-07
p03-057-08
p03-057-09
p03-087-00
p03-087-01
p03-087-03
p03-087-07
p03-087-08
p03-087-10
p03-096-03
p03-096-06
p03-096-07
p03-096-08
p03-103-03
p03-103-05
p03-103-06
p03-103-07
p03-112-00
p06-030-00
p06-030-04
p06-030-05
p06-030-06
p06-042-00
p06-042-01
p06-042-07
p06-042-08
p06-042-10
p06-047-03
p06-047-04
p06-047-06
p06-047-07
p06-047-08
p06-052-03
p06-052-04
p06-052-05
p06-052-07
p06-058-01
p06-058-03
p06-058-04
p06-058-06
p06-058-09
p06-069-00
p06-069-03
p06-069-07
p06-088-04
p06-088-05
p06-088-06
p06-088-09
p06-096-00
p06-096-04
p06-096-06
p06-096-09
p06-096-10
p06-104-00
p06-104-02
p06-104-03
p06-104-04
p06-104-06
p06-104-09
p06-242-00
p06-242-01
p06-242-06
p06-242-07
p06-248-00
r03-053-01
r03-053-08
r06-000-01
r06-003-03
r06-003-04
r06-003-05
r06-003-06
r06-007-00
r06-007-01
r06-007-03
r06-007-07
r06-011-00
r06-011-01
r06-011-02
r06-011-04
r06-022-00
r06-022-03
r06-022-04
r06-027-00
r06-027-02
r06-027-04
r06-027-06
r06-035-00
r06-035-06
r06-041-01
r06-041-02
r06-041-03
r06-041-06
r06-044-01
r06-044-03
r06-044-04
r06-044-06
r06-044-09
r06-049-01
r06-049-02
r06-049-05
r06-053-00
r06-053-01
r06-053-02
r06-053-03
r06-053-05
r06-057-01
r06-057-02
r06-057-05
r06-057-06
r06-057-08
r06-062-04
r06-062-05
r06-062-07
r06-062-08
r06-062-09
r06-066-02
r06-066-03
r06-066-04
r06-066-07
r06-070-00
r06-070-03
r06-070-06
r06-070-08
r06-070-09
r06-076-03
r06-076-04
r06-076-05
r06-076-08
r06-090-02
r06-090-05
r06-090-07
r06-097-01
r06-097-04
r06-097-06
r06-097-07
r06-097-09
r06-097-10
r06-103-01
r06-103-02
r06-103-03
r06-106-03
r06-106-05
r06-106-07
r06-106-08
r06-111-05
r06-115-01
r06-115-02
r06-115-03
r06-115-04
r06-115-05
r06-121-00
r06-121-03
r06-121-04
r06-121-06
r06-121-07
r06-121-09
r06-121-10
r06-126-00
r06-126-03
r06-126-05
r06-126-10
r06-130-01
r06-130-03
r06-130-04
r06-137-00
r06-137-01
r06-137-02
r06-137-03
r06-137-04
r06-137-06
r06-137-07
r06-137-08
r06-137-10
r06-143-00
r06-143-02
